<?xml version="1.0" encoding="UTF-8"?>
<!-- Generated by org.testng.reporters.JUnitReportReporter -->
<testsuite skipped="1" hostname="DESKTOP-SC7D018" name="framework.TesteNGParametrizado.TesteParametrizado" tests="2" failures="0" timestamp="2020-09-02T11:29:43 BRT" time="0.018" errors="0">
  <testcase name="nomes" time="0.018" classname="framework.TesteNGParametrizado.TesteParametrizado"/>
  <system-out/>
  <testcase name="cores" classname="framework.TesteNGParametrizado.TesteParametrizado">
    <skipped/>
  </testcase> <!-- cores -->
  <system-out/>
</testsuite> <!-- framework.TesteNGParametrizado.TesteParametrizado -->
