<?xml version="1.0" encoding="UTF-8"?>
<!-- Generated by org.testng.reporters.JUnitReportReporter -->
<testsuite skipped="0" hostname="DESKTOP-SC7D018" name="framework.TestNovos.Pacote2Teste1" tests="4" failures="0" timestamp="2020-08-27T17:06:38 BRT" time="0.008" errors="0">
  <testcase name="testNovo3" time="0.001" classname="framework.TestNovos.Pacote2Teste1"/>
  <system-out/>
  <testcase name="testNovo4" time="0.002" classname="framework.TestNovos.Pacote2Teste1"/>
  <system-out/>
  <testcase name="testNovo1" time="0.003" classname="framework.TestNovos.Pacote2Teste1"/>
  <system-out/>
  <testcase name="testNovo2" time="0.002" classname="framework.TestNovos.Pacote2Teste1"/>
  <system-out/>
</testsuite> <!-- framework.TestNovos.Pacote2Teste1 -->
