<?xml version="1.0" encoding="UTF-8"?>
<!-- Generated by org.testng.reporters.JUnitReportReporter -->
<testsuite skipped="0" hostname="DESKTOP-SC7D018" name="framework.TestNGRetorno.TestesRetorno" tests="2" failures="0" timestamp="2020-09-02T11:29:43 BRT" time="0.005" errors="0">
  <testcase name="teste4ClasseRetorno" time="0.002" classname="framework.TestNGRetorno.TestesRetorno"/>
  <system-out/>
  <testcase name="teste3ClasseRetorno" time="0.003" classname="framework.TestNGRetorno.TestesRetorno"/>
  <system-out/>
</testsuite> <!-- framework.TestNGRetorno.TestesRetorno -->
