<?xml version="1.0" encoding="UTF-8"?>
<!-- Generated by org.testng.reporters.JUnitReportReporter -->
<testsuite skipped="2" hostname="DESKTOP-SC7D018" name="framework.TestNGCurso.Teste" tests="6" failures="0" timestamp="2020-08-27T17:06:38 BRT" time="0.026" errors="0">
  <testcase name="test6" time="0.007" classname="framework.TestNGCurso.Teste"/>
  <system-out/>
  <testcase name="test5" time="0.008" classname="framework.TestNGCurso.Teste"/>
  <system-out/>
  <testcase name="test4" time="0.003" classname="framework.TestNGCurso.Teste"/>
  <system-out/>
  <testcase name="test3" time="0.008" classname="framework.TestNGCurso.Teste"/>
  <system-out/>
  <testcase name="test1" classname="framework.TestNGCurso.Teste">
    <skipped/>
  </testcase> <!-- test1 -->
  <system-out/>
  <testcase name="test2" classname="framework.TestNGCurso.Teste">
    <skipped/>
  </testcase> <!-- test2 -->
  <system-out/>
</testsuite> <!-- framework.TestNGCurso.Teste -->
