<?xml version="1.0" encoding="UTF-8"?>
<!-- Generated by org.testng.reporters.JUnitReportReporter -->
<testsuite skipped="1" hostname="DESKTOP-SC7D018" name="framework.TestNGCurso.TesteClasse2" tests="4" failures="0" timestamp="2020-08-27T17:06:38 BRT" time="0.008" errors="0">
  <testcase name="testClass2" time="0.003" classname="framework.TestNGCurso.TesteClasse2"/>
  <system-out/>
  <testcase name="test4Class2" time="0.003" classname="framework.TestNGCurso.TesteClasse2"/>
  <system-out/>
  <testcase name="test3Class2" time="0.002" classname="framework.TestNGCurso.TesteClasse2"/>
  <system-out/>
  <testcase name="test2Class2" classname="framework.TestNGCurso.TesteClasse2">
    <skipped/>
  </testcase> <!-- test2Class2 -->
  <system-out/>
</testsuite> <!-- framework.TestNGCurso.TesteClasse2 -->
